# JRE version: OpenJDK Runtime Environment (21.0.10) (build 21.0.10+-14961533-b1163.108)
# Java VM: OpenJDK 64-Bit Server VM (21.0.10+-14961533-b1163.108, mixed mode, tiered, compressed oops, compressed class ptrs, g1 gc, windows-amd64)
GC Precious Log:
 CardTable entry size: 512
 Card Set container configuration: InlinePtr #cards 4 size 8 Array Of Cards #cards 32 size 80 Howl #buckets 8 coarsen threshold 7372 Howl Bitmap #cards 1024 size 144 coarsen threshold 921 Card regions per heap region 1 cards per card region 8192
 CPUs: 8 total, 8 available
 Memory: 6091M
 Large Page Support: Disabled
 NUMA Support: Disabled
 Compressed Oops: Enabled (Zero based)
 Heap Region Size: 4M
 Heap Min Capacity: 8M
 Heap Initial Capacity: 96M
 Heap Max Capacity: 8G
 Pre-touch: Disabled
 Parallel Workers: 8
 Concurrent Workers: 2
 Concurrent Refinement Workers: 8
 Periodic GC: Disabled
Heap:
 garbage-first heap   total 532480K, used 479062K [0x0000000600000000, 0x0000000800000000)
  region size 4096K, 78 young (319488K), 1 survivors (4096K)
 Metaspace       used 175130K, committed 177216K, reserved 1245184K
  class space    used 22555K, committed 23552K, reserved 1048576K
GC Heap History (20 events):
Event: 232.748 GC heap before
{Heap before GC invocations=122 (full 0):
 garbage-first heap   total 356352K, used 282645K [0x0000000600000000, 0x0000000800000000)
  region size 4096K, 38 young (155648K), 2 survivors (8192K)
 Metaspace       used 169031K, committed 171072K, reserved 1245184K
  class space    used 22065K, committed 23040K, reserved 1048576K
}
Event: 232.774 GC heap after
{Heap after GC invocations=123 (full 0):
 garbage-first heap   total 356352K, used 137048K [0x0000000600000000, 0x0000000800000000)
  region size 4096K, 3 young (12288K), 3 survivors (12288K)
 Metaspace       used 169031K, committed 171072K, reserved 1245184K
  class space    used 22065K, committed 23040K, reserved 1048576K
}
Event: 235.722 GC heap before
{Heap before GC invocations=123 (full 0):
 garbage-first heap   total 356352K, used 321368K [0x0000000600000000, 0x0000000800000000)
  region size 4096K, 46 young (188416K), 3 survivors (12288K)
 Metaspace       used 172739K, committed 174848K, reserved 1245184K
  class space    used 22353K, committed 23360K, reserved 1048576K
}
Event: 235.783 GC heap after
{Heap after GC invocations=124 (full 0):
 garbage-first heap   total 442368K, used 152479K [0x0000000600000000, 0x0000000800000000)
  region size 4096K, 6 young (24576K), 6 survivors (24576K)
 Metaspace       used 172739K, committed 174848K, reserved 1245184K
  class space    used 22353K, committed 23360K, reserved 1048576K
}
Event: 237.923 GC heap before
{Heap before GC invocations=124 (full 0):
 garbage-first heap   total 442368K, used 373663K [0x0000000600000000, 0x0000000800000000)
  region size 4096K, 62 young (253952K), 6 survivors (24576K)
 Metaspace       used 174511K, committed 176576K, reserved 1245184K
  class space    used 22539K, committed 23552K, reserved 1048576K
}
Event: 237.966 GC heap after
{Heap after GC invocations=125 (full 0):
 garbage-first heap   total 442368K, used 158452K [0x0000000600000000, 0x0000000800000000)
  region size 4096K, 2 young (8192K), 2 survivors (8192K)
 Metaspace       used 174511K, committed 176576K, reserved 1245184K
  class space    used 22539K, committed 23552K, reserved 1048576K
}
Event: 239.864 GC heap before
{Heap before GC invocations=126 (full 0):
 garbage-first heap   total 442368K, used 383732K [0x0000000600000000, 0x0000000800000000)
  region size 4096K, 57 young (233472K), 2 survivors (8192K)
 Metaspace       used 174972K, committed 177024K, reserved 1245184K
  class space    used 22553K, committed 23552K, reserved 1048576K
}
Event: 239.877 GC heap after
{Heap after GC invocations=127 (full 0):
 garbage-first heap   total 442368K, used 160628K [0x0000000600000000, 0x0000000800000000)
  region size 4096K, 2 young (8192K), 2 survivors (8192K)
 Metaspace       used 174972K, committed 177024K, reserved 1245184K
  class space    used 22553K, committed 23552K, reserved 1048576K
}
Event: 241.758 GC heap before
{Heap before GC invocations=127 (full 0):
 garbage-first heap   total 442368K, used 390004K [0x0000000600000000, 0x0000000800000000)
  region size 4096K, 59 young (241664K), 2 survivors (8192K)
 Metaspace       used 175065K, committed 177088K, reserved 1245184K
  class space    used 22554K, committed 23552K, reserved 1048576K
}
Event: 241.788 GC heap after
{Heap after GC invocations=128 (full 0):
 garbage-first heap   total 442368K, used 163595K [0x0000000600000000, 0x0000000800000000)
  region size 4096K, 4 young (16384K), 4 survivors (16384K)
 Metaspace       used 175065K, committed 177088K, reserved 1245184K
  class space    used 22554K, committed 23552K, reserved 1048576K
}
Event: 243.098 GC heap before
{Heap before GC invocations=128 (full 0):
 garbage-first heap   total 442368K, used 392971K [0x0000000600000000, 0x0000000800000000)
  region size 4096K, 61 young (249856K), 4 survivors (16384K)
 Metaspace       used 175085K, committed 177152K, reserved 1245184K
  class space    used 22555K, committed 23552K, reserved 1048576K
}
Event: 243.120 GC heap after
{Heap after GC invocations=129 (full 0):
 garbage-first heap   total 442368K, used 162060K [0x0000000600000000, 0x0000000800000000)
  region size 4096K, 3 young (12288K), 3 survivors (12288K)
 Metaspace       used 175085K, committed 177152K, reserved 1245184K
  class space    used 22555K, committed 23552K, reserved 1048576K
}
Event: 245.059 GC heap before
{Heap before GC invocations=130 (full 0):
 garbage-first heap   total 442368K, used 399628K [0x0000000600000000, 0x0000000800000000)
  region size 4096K, 62 young (253952K), 3 survivors (12288K)
 Metaspace       used 175091K, committed 177152K, reserved 1245184K
  class space    used 22555K, committed 23552K, reserved 1048576K
}
Event: 245.079 GC heap after
{Heap after GC invocations=131 (full 0):
 garbage-first heap   total 442368K, used 167233K [0x0000000600000000, 0x0000000800000000)
  region size 4096K, 5 young (20480K), 5 survivors (20480K)
 Metaspace       used 175091K, committed 177152K, reserved 1245184K
  class space    used 22555K, committed 23552K, reserved 1048576K
}
Event: 245.911 GC heap before
{Heap before GC invocations=131 (full 0):
 garbage-first heap   total 442368K, used 396609K [0x0000000600000000, 0x0000000800000000)
  region size 4096K, 63 young (258048K), 5 survivors (20480K)
 Metaspace       used 175108K, committed 177152K, reserved 1245184K
  class space    used 22555K, committed 23552K, reserved 1048576K
}
Event: 245.944 GC heap after
{Heap after GC invocations=132 (full 0):
 garbage-first heap   total 442368K, used 162401K [0x0000000600000000, 0x0000000800000000)
  region size 4096K, 4 young (16384K), 4 survivors (16384K)
 Metaspace       used 175108K, committed 177152K, reserved 1245184K
  class space    used 22555K, committed 23552K, reserved 1048576K
}
Event: 248.263 GC heap before
{Heap before GC invocations=132 (full 0):
 garbage-first heap   total 442368K, used 404065K [0x0000000600000000, 0x0000000800000000)
  region size 4096K, 64 young (262144K), 4 survivors (16384K)
 Metaspace       used 175126K, committed 177216K, reserved 1245184K
  class space    used 22555K, committed 23552K, reserved 1048576K
}
Event: 248.646 GC heap after
{Heap after GC invocations=133 (full 0):
 garbage-first heap   total 532480K, used 170421K [0x0000000600000000, 0x0000000800000000)
  region size 4096K, 6 young (24576K), 6 survivors (24576K)
 Metaspace       used 175126K, committed 177216K, reserved 1245184K
  class space    used 22555K, committed 23552K, reserved 1048576K
}
Event: 249.138 GC heap before
{Heap before GC invocations=133 (full 0):
 garbage-first heap   total 532480K, used 174517K [0x0000000600000000, 0x0000000800000000)
  region size 4096K, 8 young (32768K), 6 survivors (24576K)
 Metaspace       used 175126K, committed 177216K, reserved 1245184K
  class space    used 22555K, committed 23552K, reserved 1048576K
}
Event: 249.167 GC heap after
{Heap after GC invocations=134 (full 0):
 garbage-first heap   total 532480K, used 171862K [0x0000000600000000, 0x0000000800000000)
  region size 4096K, 1 young (4096K), 1 survivors (4096K)
 Metaspace       used 175126K, committed 177216K, reserved 1245184K
  class space    used 22555K, committed 23552K, reserved 1048576K
}

