# JRE version: OpenJDK Runtime Environment (21.0.10) (build 21.0.10+-14961533-b1163.108)
# Java VM: OpenJDK 64-Bit Server VM (21.0.10+-14961533-b1163.108, mixed mode, tiered, compressed oops, compressed class ptrs, g1 gc, windows-amd64)
GC Precious Log:
 CardTable entry size: 512
 Card Set container configuration: InlinePtr #cards 4 size 8 Array Of Cards #cards 32 size 80 Howl #buckets 8 coarsen threshold 7372 Howl Bitmap #cards 1024 size 144 coarsen threshold 921 Card regions per heap region 1 cards per card region 8192
 CPUs: 8 total, 8 available
 Memory: 6091M
 Large Page Support: Disabled
 NUMA Support: Disabled
 Compressed Oops: Enabled (Zero based)
 Heap Region Size: 4M
 Heap Min Capacity: 8M
 Heap Initial Capacity: 96M
 Heap Max Capacity: 8G
 Pre-touch: Disabled
 Parallel Workers: 8
 Concurrent Workers: 2
 Concurrent Refinement Workers: 8
 Periodic GC: Disabled
Heap:
 garbage-first heap   total 110592K, used 56031K [0x0000000600000000, 0x0000000800000000)
  region size 4096K, 8 young (32768K), 1 survivors (4096K)
 Metaspace       used 48328K, committed 49600K, reserved 1114112K
  class space    used 6542K, committed 7168K, reserved 1048576K
GC Heap History (20 events):
Event: 3.658 GC heap before
{Heap before GC invocations=1 (full 0):
 garbage-first heap   total 98304K, used 38160K [0x0000000600000000, 0x0000000800000000)
  region size 4096K, 10 young (40960K), 1 survivors (4096K)
 Metaspace       used 11807K, committed 11968K, reserved 1114112K
  class space    used 1274K, committed 1344K, reserved 1048576K
}
Event: 3.677 GC heap after
{Heap after GC invocations=2 (full 0):
 garbage-first heap   total 98304K, used 11093K [0x0000000600000000, 0x0000000800000000)
  region size 4096K, 2 young (8192K), 2 survivors (8192K)
 Metaspace       used 11807K, committed 11968K, reserved 1114112K
  class space    used 1274K, committed 1344K, reserved 1048576K
}
Event: 4.664 GC heap before
{Heap before GC invocations=2 (full 0):
 garbage-first heap   total 98304K, used 60245K [0x0000000600000000, 0x0000000800000000)
  region size 4096K, 14 young (57344K), 2 survivors (8192K)
 Metaspace       used 12769K, committed 12928K, reserved 1114112K
  class space    used 1400K, committed 1472K, reserved 1048576K
}
Event: 4.683 GC heap after
{Heap after GC invocations=3 (full 0):
 garbage-first heap   total 98304K, used 11618K [0x0000000600000000, 0x0000000800000000)
  region size 4096K, 1 young (4096K), 1 survivors (4096K)
 Metaspace       used 12769K, committed 12928K, reserved 1114112K
  class space    used 1400K, committed 1472K, reserved 1048576K
}
Event: 6.312 GC heap before
{Heap before GC invocations=3 (full 0):
 garbage-first heap   total 98304K, used 64866K [0x0000000600000000, 0x0000000800000000)
  region size 4096K, 14 young (57344K), 1 survivors (4096K)
 Metaspace       used 12859K, committed 12992K, reserved 1114112K
  class space    used 1400K, committed 1472K, reserved 1048576K
}
Event: 6.319 GC heap after
{Heap after GC invocations=4 (full 0):
 garbage-first heap   total 98304K, used 12765K [0x0000000600000000, 0x0000000800000000)
  region size 4096K, 1 young (4096K), 1 survivors (4096K)
 Metaspace       used 12859K, committed 12992K, reserved 1114112K
  class space    used 1400K, committed 1472K, reserved 1048576K
}
Event: 10.347 GC heap before
{Heap before GC invocations=4 (full 0):
 garbage-first heap   total 98304K, used 53725K [0x0000000600000000, 0x0000000800000000)
  region size 4096K, 12 young (49152K), 1 survivors (4096K)
 Metaspace       used 21165K, committed 21504K, reserved 1114112K
  class space    used 2497K, committed 2624K, reserved 1048576K
}
Event: 10.357 GC heap after
{Heap after GC invocations=5 (full 0):
 garbage-first heap   total 98304K, used 19754K [0x0000000600000000, 0x0000000800000000)
  region size 4096K, 2 young (8192K), 2 survivors (8192K)
 Metaspace       used 21165K, committed 21504K, reserved 1114112K
  class space    used 2497K, committed 2624K, reserved 1048576K
}
Event: 13.532 GC heap before
{Heap before GC invocations=6 (full 0):
 garbage-first heap   total 69632K, used 64810K [0x0000000600000000, 0x0000000800000000)
  region size 4096K, 14 young (57344K), 2 survivors (8192K)
 Metaspace       used 29140K, committed 29632K, reserved 1114112K
  class space    used 3749K, committed 3968K, reserved 1048576K
}
Event: 13.548 GC heap after
{Heap after GC invocations=7 (full 0):
 garbage-first heap   total 86016K, used 23021K [0x0000000600000000, 0x0000000800000000)
  region size 4096K, 1 young (4096K), 1 survivors (4096K)
 Metaspace       used 29140K, committed 29632K, reserved 1114112K
  class space    used 3749K, committed 3968K, reserved 1048576K
}
Event: 16.181 GC heap before
{Heap before GC invocations=7 (full 0):
 garbage-first heap   total 86016K, used 63981K [0x0000000600000000, 0x0000000800000000)
  region size 4096K, 11 young (45056K), 1 survivors (4096K)
 Metaspace       used 35141K, committed 35968K, reserved 1114112K
  class space    used 4612K, committed 4992K, reserved 1048576K
}
Event: 16.194 GC heap after
{Heap after GC invocations=8 (full 0):
 garbage-first heap   total 86016K, used 25958K [0x0000000600000000, 0x0000000800000000)
  region size 4096K, 2 young (8192K), 2 survivors (8192K)
 Metaspace       used 35141K, committed 35968K, reserved 1114112K
  class space    used 4612K, committed 4992K, reserved 1048576K
}
Event: 16.222 GC heap before
{Heap before GC invocations=8 (full 0):
 garbage-first heap   total 86016K, used 25958K [0x0000000600000000, 0x0000000800000000)
  region size 4096K, 3 young (12288K), 2 survivors (8192K)
 Metaspace       used 35194K, committed 35968K, reserved 1114112K
  class space    used 4622K, committed 4992K, reserved 1048576K
}
Event: 16.262 GC heap after
{Heap after GC invocations=9 (full 0):
 garbage-first heap   total 86016K, used 25964K [0x0000000600000000, 0x0000000800000000)
  region size 4096K, 1 young (4096K), 1 survivors (4096K)
 Metaspace       used 35194K, committed 35968K, reserved 1114112K
  class space    used 4622K, committed 4992K, reserved 1048576K
}
Event: 18.608 GC heap before
{Heap before GC invocations=10 (full 0):
 garbage-first heap   total 86016K, used 71020K [0x0000000600000000, 0x0000000800000000)
  region size 4096K, 12 young (49152K), 1 survivors (4096K)
 Metaspace       used 41115K, committed 42176K, reserved 1114112K
  class space    used 5648K, committed 6144K, reserved 1048576K
}
Event: 18.619 GC heap after
{Heap after GC invocations=11 (full 0):
 garbage-first heap   total 86016K, used 28193K [0x0000000600000000, 0x0000000800000000)
  region size 4096K, 2 young (8192K), 2 survivors (8192K)
 Metaspace       used 41115K, committed 42176K, reserved 1114112K
  class space    used 5648K, committed 6144K, reserved 1048576K
}
Event: 20.583 GC heap before
{Heap before GC invocations=11 (full 0):
 garbage-first heap   total 86016K, used 65057K [0x0000000600000000, 0x0000000800000000)
  region size 4096K, 12 young (49152K), 2 survivors (8192K)
 Metaspace       used 47335K, committed 48576K, reserved 1114112K
  class space    used 6446K, committed 7040K, reserved 1048576K
}
Event: 20.605 GC heap after
{Heap after GC invocations=12 (full 0):
 garbage-first heap   total 90112K, used 30849K [0x0000000600000000, 0x0000000800000000)
  region size 4096K, 2 young (8192K), 2 survivors (8192K)
 Metaspace       used 47335K, committed 48576K, reserved 1114112K
  class space    used 6446K, committed 7040K, reserved 1048576K
}
Event: 21.403 GC heap before
{Heap before GC invocations=12 (full 0):
 garbage-first heap   total 90112K, used 71809K [0x0000000600000000, 0x0000000800000000)
  region size 4096K, 12 young (49152K), 2 survivors (8192K)
 Metaspace       used 48221K, committed 49472K, reserved 1114112K
  class space    used 6541K, committed 7168K, reserved 1048576K
}
Event: 21.416 GC heap after
{Heap after GC invocations=13 (full 0):
 garbage-first heap   total 110592K, used 31455K [0x0000000600000000, 0x0000000800000000)
  region size 4096K, 1 young (4096K), 1 survivors (4096K)
 Metaspace       used 48221K, committed 49472K, reserved 1114112K
  class space    used 6541K, committed 7168K, reserved 1048576K
}

